[
  {
    "level": "INFO",
    "message": "android.ndkVersion from module build.gradle is not set"
  },
  {
    "level": "INFO",
    "message": "ndk.dir in local.properties is C:\\Users\\RavenDesk\\AppData\\Local\\Android\\Sdk\\ndk-bundle"
  },
  {
    "level": "INFO",
    "message": "ANDROID_NDK_HOME environment variable is not set"
  },
  {
    "level": "INFO",
    "message": "sdkFolder is C:\\Users\\RavenDesktop\\AppData\\Local\\Android\\Sdk"
  },
  {
    "level": "INFO",
    "message": "NDK side-by-side folder from sdkFolder C:\\Users\\RavenDesktop\\AppData\\Local\\Android\\Sdk\\ndk does not exist"
  },
  {
    "level": "INFO",
    "message": "Considering C:\\Users\\RavenDesk\\AppData\\Local\\Android\\Sdk\\ndk-bundle by ndk.dir"
  },
  {
    "level": "INFO",
    "message": "Considering C:\\Users\\RavenDesktop\\AppData\\Local\\Android\\Sdk\\ndk-bundle in SDK ndk-bundle folder"
  },
  {
    "level": "INFO",
    "message": "Rejected C:\\Users\\RavenDesk\\AppData\\Local\\Android\\Sdk\\ndk-bundle by ndk.dir because that location has no source.properties"
  },
  {
    "level": "INFO",
    "message": "Rejected C:\\Users\\RavenDesktop\\AppData\\Local\\Android\\Sdk\\ndk-bundle in SDK ndk-bundle folder because that location has no source.properties"
  },
  {
    "level": "WARN",
    "message": "Compatible side by side NDK version was not found. Default is 21.0.6113669."
  }
]